Arguments: 
  /usr/local/Cellar/node/9.10.0/bin/node /usr/local/Cellar/yarn/1.5.1_1/libexec/bin/yarn.js add react-starts

PATH: 
  /Users/LewisMac/Library/Android/sdk/platform-tools:/Users/LewisMac/.composer/vendor/bin:/usr/local/bin:/usr/bin:/bin:/usr/sbin:/sbin:/Applications/VMware Fusion.app/Contents/Public:/Users/LewisMac/Library/Android/sdk/platform-tools:/Users/LewisMac/.composer/vendor/bin:/Users/LewisMac/Library/Android/sdk:/Users/LewisMac/.rvm/bin:/Users/LewisMac/Library/Android/sdk

Yarn version: 
  1.5.1

Node version: 
  9.10.0

Platform: 
  darwin x64

npm manifest: 
  No manifest

yarn manifest: 
  No manifest

Lockfile: 
  No lockfile

Trace: 
  Error: https://registry.yarnpkg.com/react-starts: Not found
      at Request.params.callback [as _callback] (/usr/local/Cellar/yarn/1.5.1_1/libexec/lib/cli.js:65019:18)
      at Request.self.callback (/usr/local/Cellar/yarn/1.5.1_1/libexec/lib/cli.js:132430:22)
      at Request.emit (events.js:180:13)
      at Request.<anonymous> (/usr/local/Cellar/yarn/1.5.1_1/libexec/lib/cli.js:133413:10)
      at Request.emit (events.js:180:13)
      at IncomingMessage.<anonymous> (/usr/local/Cellar/yarn/1.5.1_1/libexec/lib/cli.js:133333:12)
      at Object.onceWrapper (events.js:272:13)
      at IncomingMessage.emit (events.js:185:15)
      at endReadableNT (_stream_readable.js:1106:12)
      at process._tickCallback (internal/process/next_tick.js:114:19)
